<?xml version="1.0" encoding="UTF-8"?>
<testng-results ignored="0" total="1" passed="1" failed="0" skipped="0">
  <reporter-output>
  </reporter-output>
  <suite started-at="2026-03-26T16:22:57 IST" name="Default suite" finished-at="2026-03-26T16:23:02 IST" duration-ms="5234">
    <groups>
    </groups>
    <test started-at="2026-03-26T16:22:57 IST" name="Default test" finished-at="2026-03-26T16:23:02 IST" duration-ms="5234">
      <class name="Tests.LoginTest">
        <test-method is-config="true" signature="setup()[pri:0, instance:Tests.LoginTest@397fbdb]" started-at="2026-03-26T16:22:57 IST" name="setup" finished-at="2026-03-26T16:23:01 IST" duration-ms="4239" status="PASS">
          <reporter-output>
          </reporter-output>
        </test-method> <!-- setup -->
        <test-method signature="loginTest()[pri:0, instance:Tests.LoginTest@397fbdb]" started-at="2026-03-26T16:23:01 IST" name="loginTest" finished-at="2026-03-26T16:23:02 IST" duration-ms="395" status="PASS">
          <reporter-output>
          </reporter-output>
        </test-method> <!-- loginTest -->
        <test-method is-config="true" signature="tearDown()[pri:0, instance:Tests.LoginTest@397fbdb]" started-at="2026-03-26T16:23:02 IST" name="tearDown" finished-at="2026-03-26T16:23:02 IST" duration-ms="554" status="PASS">
          <reporter-output>
          </reporter-output>
        </test-method> <!-- tearDown -->
      </class> <!-- Tests.LoginTest -->
    </test> <!-- Default test -->
  </suite> <!-- Default suite -->
</testng-results>
